21-Sep-2018 08:18:47.516 信息 [main] org.apache.catalina.startup.VersionLoggerListener.log Server version:        Apache Tomcat/8.5.33
21-Sep-2018 08:18:47.520 信息 [main] org.apache.catalina.startup.VersionLoggerListener.log Server built:          Aug 12 2018 08:20:08 UTC
21-Sep-2018 08:18:47.520 信息 [main] org.apache.catalina.startup.VersionLoggerListener.log Server number:         8.5.33.0
21-Sep-2018 08:18:47.520 信息 [main] org.apache.catalina.startup.VersionLoggerListener.log OS Name:               Mac OS X
21-Sep-2018 08:18:47.520 信息 [main] org.apache.catalina.startup.VersionLoggerListener.log OS Version:            10.13.5
21-Sep-2018 08:18:47.520 信息 [main] org.apache.catalina.startup.VersionLoggerListener.log Architecture:          x86_64
21-Sep-2018 08:18:47.520 信息 [main] org.apache.catalina.startup.VersionLoggerListener.log Java Home:             /Library/Java/JavaVirtualMachines/jdk1.8.0_171.jdk/Contents/Home/jre
21-Sep-2018 08:18:47.520 信息 [main] org.apache.catalina.startup.VersionLoggerListener.log JVM Version:           1.8.0_171-b11
21-Sep-2018 08:18:47.520 信息 [main] org.apache.catalina.startup.VersionLoggerListener.log JVM Vendor:            Oracle Corporation
21-Sep-2018 08:18:47.520 信息 [main] org.apache.catalina.startup.VersionLoggerListener.log CATALINA_BASE:         /Users/ty/Documents/solr/tomcat-solr-2
21-Sep-2018 08:18:47.520 信息 [main] org.apache.catalina.startup.VersionLoggerListener.log CATALINA_HOME:         /Users/ty/Documents/solr/tomcat-solr-2
21-Sep-2018 08:18:47.521 信息 [main] org.apache.catalina.startup.VersionLoggerListener.log Command line argument: -Djava.util.logging.config.file=/Users/ty/Documents/solr/tomcat-solr-2/conf/logging.properties
21-Sep-2018 08:18:47.521 信息 [main] org.apache.catalina.startup.VersionLoggerListener.log Command line argument: -Djava.util.logging.manager=org.apache.juli.ClassLoaderLogManager
21-Sep-2018 08:18:47.521 信息 [main] org.apache.catalina.startup.VersionLoggerListener.log Command line argument: -Djdk.tls.ephemeralDHKeySize=2048
21-Sep-2018 08:18:47.521 信息 [main] org.apache.catalina.startup.VersionLoggerListener.log Command line argument: -Djava.protocol.handler.pkgs=org.apache.catalina.webresources
21-Sep-2018 08:18:47.521 信息 [main] org.apache.catalina.startup.VersionLoggerListener.log Command line argument: -Dorg.apache.catalina.security.SecurityListener.UMASK=0027
21-Sep-2018 08:18:47.522 信息 [main] org.apache.catalina.startup.VersionLoggerListener.log Command line argument: -Dignore.endorsed.dirs=
21-Sep-2018 08:18:47.522 信息 [main] org.apache.catalina.startup.VersionLoggerListener.log Command line argument: -Dcatalina.base=/Users/ty/Documents/solr/tomcat-solr-2
21-Sep-2018 08:18:47.522 信息 [main] org.apache.catalina.startup.VersionLoggerListener.log Command line argument: -Dcatalina.home=/Users/ty/Documents/solr/tomcat-solr-2
21-Sep-2018 08:18:47.522 信息 [main] org.apache.catalina.startup.VersionLoggerListener.log Command line argument: -Djava.io.tmpdir=/Users/ty/Documents/solr/tomcat-solr-2/temp
21-Sep-2018 08:18:47.522 信息 [main] org.apache.catalina.core.AprLifecycleListener.lifecycleEvent The APR based Apache Tomcat Native library which allows optimal performance in production environments was not found on the java.library.path: [/Users/ty/Library/Java/Extensions:/Library/Java/Extensions:/Network/Library/Java/Extensions:/System/Library/Java/Extensions:/usr/lib/java:.]
21-Sep-2018 08:18:47.661 信息 [main] org.apache.coyote.AbstractProtocol.init Initializing ProtocolHandler ["http-nio-8080"]
21-Sep-2018 08:18:47.686 信息 [main] org.apache.tomcat.util.net.NioSelectorPool.getSharedSelector Using a shared selector for servlet write/read
21-Sep-2018 08:18:47.707 信息 [main] org.apache.coyote.AbstractProtocol.init Initializing ProtocolHandler ["ajp-nio-8009"]
21-Sep-2018 08:18:47.709 信息 [main] org.apache.tomcat.util.net.NioSelectorPool.getSharedSelector Using a shared selector for servlet write/read
21-Sep-2018 08:18:47.709 信息 [main] org.apache.catalina.startup.Catalina.load Initialization processed in 657 ms
21-Sep-2018 08:18:47.747 信息 [main] org.apache.catalina.core.StandardService.startInternal Starting service [Catalina]
21-Sep-2018 08:18:47.747 信息 [main] org.apache.catalina.core.StandardEngine.startInternal Starting Servlet Engine: Apache Tomcat/8.5.33
21-Sep-2018 08:18:47.763 信息 [localhost-startStop-1] org.apache.catalina.startup.HostConfig.deployDirectory Deploying web application directory [/Users/ty/Documents/solr/tomcat-solr-2/webapps/docs]
21-Sep-2018 08:18:48.193 信息 [localhost-startStop-1] org.apache.catalina.startup.HostConfig.deployDirectory Deployment of web application directory [/Users/ty/Documents/solr/tomcat-solr-2/webapps/docs] has finished in [429] ms
21-Sep-2018 08:18:48.193 信息 [localhost-startStop-1] org.apache.catalina.startup.HostConfig.deployDirectory Deploying web application directory [/Users/ty/Documents/solr/tomcat-solr-2/webapps/solr]
21-Sep-2018 08:18:55.916 信息 [localhost-startStop-1] org.apache.jasper.servlet.TldScanner.scanJars At least one JAR was scanned for TLDs yet contained no TLDs. Enable debug logging for this logger for a complete list of JARs that were scanned but no TLDs were found in them. Skipping unneeded JARs during scanning can improve startup time and JSP compilation time.
21-Sep-2018 08:19:01.060 信息 [localhost-startStop-1] org.apache.catalina.startup.HostConfig.deployDirectory Deployment of web application directory [/Users/ty/Documents/solr/tomcat-solr-2/webapps/solr] has finished in [12,867] ms
21-Sep-2018 08:19:01.060 信息 [localhost-startStop-1] org.apache.catalina.startup.HostConfig.deployDirectory Deploying web application directory [/Users/ty/Documents/solr/tomcat-solr-2/webapps/manager]
21-Sep-2018 08:19:01.098 信息 [localhost-startStop-1] org.apache.catalina.startup.HostConfig.deployDirectory Deployment of web application directory [/Users/ty/Documents/solr/tomcat-solr-2/webapps/manager] has finished in [38] ms
21-Sep-2018 08:19:01.099 信息 [localhost-startStop-1] org.apache.catalina.startup.HostConfig.deployDirectory Deploying web application directory [/Users/ty/Documents/solr/tomcat-solr-2/webapps/examples]
21-Sep-2018 08:19:01.684 信息 [localhost-startStop-1] org.apache.catalina.startup.HostConfig.deployDirectory Deployment of web application directory [/Users/ty/Documents/solr/tomcat-solr-2/webapps/examples] has finished in [586] ms
21-Sep-2018 08:19:01.684 信息 [localhost-startStop-1] org.apache.catalina.startup.HostConfig.deployDirectory Deploying web application directory [/Users/ty/Documents/solr/tomcat-solr-2/webapps/ROOT]
21-Sep-2018 08:19:01.701 信息 [localhost-startStop-1] org.apache.catalina.startup.HostConfig.deployDirectory Deployment of web application directory [/Users/ty/Documents/solr/tomcat-solr-2/webapps/ROOT] has finished in [17] ms
21-Sep-2018 08:19:01.701 信息 [localhost-startStop-1] org.apache.catalina.startup.HostConfig.deployDirectory Deploying web application directory [/Users/ty/Documents/solr/tomcat-solr-2/webapps/host-manager]
21-Sep-2018 08:19:01.763 信息 [localhost-startStop-1] org.apache.catalina.startup.HostConfig.deployDirectory Deployment of web application directory [/Users/ty/Documents/solr/tomcat-solr-2/webapps/host-manager] has finished in [62] ms
21-Sep-2018 08:19:01.772 信息 [main] org.apache.coyote.AbstractProtocol.start Starting ProtocolHandler ["http-nio-8080"]
21-Sep-2018 08:19:01.782 信息 [main] org.apache.coyote.AbstractProtocol.start Starting ProtocolHandler ["ajp-nio-8009"]
21-Sep-2018 08:19:01.784 信息 [main] org.apache.catalina.startup.Catalina.start Server startup in 14073 ms
21-Sep-2018 08:19:01.790 严重 [main] org.apache.catalina.core.StandardServer.await StandardServer.await: create[localhost:8005]: 
 java.net.BindException: Address already in use (Bind failed)
	at java.net.PlainSocketImpl.socketBind(Native Method)
	at java.net.AbstractPlainSocketImpl.bind(AbstractPlainSocketImpl.java:387)
	at java.net.ServerSocket.bind(ServerSocket.java:375)
	at java.net.ServerSocket.<init>(ServerSocket.java:237)
	at org.apache.catalina.core.StandardServer.await(StandardServer.java:440)
	at org.apache.catalina.startup.Catalina.await(Catalina.java:769)
	at org.apache.catalina.startup.Catalina.start(Catalina.java:715)
	at sun.reflect.NativeMethodAccessorImpl.invoke0(Native Method)
	at sun.reflect.NativeMethodAccessorImpl.invoke(NativeMethodAccessorImpl.java:62)
	at sun.reflect.DelegatingMethodAccessorImpl.invoke(DelegatingMethodAccessorImpl.java:43)
	at java.lang.reflect.Method.invoke(Method.java:498)
	at org.apache.catalina.startup.Bootstrap.start(Bootstrap.java:353)
	at org.apache.catalina.startup.Bootstrap.main(Bootstrap.java:493)

21-Sep-2018 08:19:01.801 信息 [main] org.apache.coyote.AbstractProtocol.pause Pausing ProtocolHandler ["http-nio-8080"]
21-Sep-2018 08:19:01.862 信息 [main] org.apache.coyote.AbstractProtocol.pause Pausing ProtocolHandler ["ajp-nio-8009"]
21-Sep-2018 08:19:01.863 信息 [main] org.apache.catalina.core.StandardService.stopInternal Stopping service [Catalina]
21-Sep-2018 08:19:07.912 信息 [main] org.apache.coyote.AbstractProtocol.stop Stopping ProtocolHandler ["http-nio-8080"]
21-Sep-2018 08:19:07.916 信息 [main] org.apache.coyote.AbstractProtocol.stop Stopping ProtocolHandler ["ajp-nio-8009"]
21-Sep-2018 08:19:07.918 信息 [main] org.apache.coyote.AbstractProtocol.destroy Destroying ProtocolHandler ["http-nio-8080"]
21-Sep-2018 08:19:07.919 信息 [main] org.apache.coyote.AbstractProtocol.destroy Destroying ProtocolHandler ["ajp-nio-8009"]
21-Sep-2018 08:20:27.759 信息 [main] org.apache.catalina.startup.VersionLoggerListener.log Server version:        Apache Tomcat/8.5.33
21-Sep-2018 08:20:27.763 信息 [main] org.apache.catalina.startup.VersionLoggerListener.log Server built:          Aug 12 2018 08:20:08 UTC
21-Sep-2018 08:20:27.764 信息 [main] org.apache.catalina.startup.VersionLoggerListener.log Server number:         8.5.33.0
21-Sep-2018 08:20:27.764 信息 [main] org.apache.catalina.startup.VersionLoggerListener.log OS Name:               Mac OS X
21-Sep-2018 08:20:27.764 信息 [main] org.apache.catalina.startup.VersionLoggerListener.log OS Version:            10.13.5
21-Sep-2018 08:20:27.764 信息 [main] org.apache.catalina.startup.VersionLoggerListener.log Architecture:          x86_64
21-Sep-2018 08:20:27.764 信息 [main] org.apache.catalina.startup.VersionLoggerListener.log Java Home:             /Library/Java/JavaVirtualMachines/jdk1.8.0_171.jdk/Contents/Home/jre
21-Sep-2018 08:20:27.764 信息 [main] org.apache.catalina.startup.VersionLoggerListener.log JVM Version:           1.8.0_171-b11
21-Sep-2018 08:20:27.764 信息 [main] org.apache.catalina.startup.VersionLoggerListener.log JVM Vendor:            Oracle Corporation
21-Sep-2018 08:20:27.764 信息 [main] org.apache.catalina.startup.VersionLoggerListener.log CATALINA_BASE:         /Users/ty/Documents/solr/tomcat-solr-2
21-Sep-2018 08:20:27.764 信息 [main] org.apache.catalina.startup.VersionLoggerListener.log CATALINA_HOME:         /Users/ty/Documents/solr/tomcat-solr-2
21-Sep-2018 08:20:27.765 信息 [main] org.apache.catalina.startup.VersionLoggerListener.log Command line argument: -Djava.util.logging.config.file=/Users/ty/Documents/solr/tomcat-solr-2/conf/logging.properties
21-Sep-2018 08:20:27.765 信息 [main] org.apache.catalina.startup.VersionLoggerListener.log Command line argument: -Djava.util.logging.manager=org.apache.juli.ClassLoaderLogManager
21-Sep-2018 08:20:27.765 信息 [main] org.apache.catalina.startup.VersionLoggerListener.log Command line argument: -Djdk.tls.ephemeralDHKeySize=2048
21-Sep-2018 08:20:27.765 信息 [main] org.apache.catalina.startup.VersionLoggerListener.log Command line argument: -Djava.protocol.handler.pkgs=org.apache.catalina.webresources
21-Sep-2018 08:20:27.765 信息 [main] org.apache.catalina.startup.VersionLoggerListener.log Command line argument: -Dorg.apache.catalina.security.SecurityListener.UMASK=0027
21-Sep-2018 08:20:27.765 信息 [main] org.apache.catalina.startup.VersionLoggerListener.log Command line argument: -Dignore.endorsed.dirs=
21-Sep-2018 08:20:27.766 信息 [main] org.apache.catalina.startup.VersionLoggerListener.log Command line argument: -Dcatalina.base=/Users/ty/Documents/solr/tomcat-solr-2
21-Sep-2018 08:20:27.766 信息 [main] org.apache.catalina.startup.VersionLoggerListener.log Command line argument: -Dcatalina.home=/Users/ty/Documents/solr/tomcat-solr-2
21-Sep-2018 08:20:27.766 信息 [main] org.apache.catalina.startup.VersionLoggerListener.log Command line argument: -Djava.io.tmpdir=/Users/ty/Documents/solr/tomcat-solr-2/temp
21-Sep-2018 08:20:27.766 信息 [main] org.apache.catalina.core.AprLifecycleListener.lifecycleEvent The APR based Apache Tomcat Native library which allows optimal performance in production environments was not found on the java.library.path: [/Users/ty/Library/Java/Extensions:/Library/Java/Extensions:/Network/Library/Java/Extensions:/System/Library/Java/Extensions:/usr/lib/java:.]
21-Sep-2018 08:20:27.916 信息 [main] org.apache.coyote.AbstractProtocol.init Initializing ProtocolHandler ["http-nio-8080"]
21-Sep-2018 08:20:27.942 信息 [main] org.apache.tomcat.util.net.NioSelectorPool.getSharedSelector Using a shared selector for servlet write/read
21-Sep-2018 08:20:27.953 信息 [main] org.apache.coyote.AbstractProtocol.init Initializing ProtocolHandler ["ajp-nio-8009"]
21-Sep-2018 08:20:27.954 信息 [main] org.apache.tomcat.util.net.NioSelectorPool.getSharedSelector Using a shared selector for servlet write/read
21-Sep-2018 08:20:27.955 信息 [main] org.apache.catalina.startup.Catalina.load Initialization processed in 605 ms
21-Sep-2018 08:20:27.990 信息 [main] org.apache.catalina.core.StandardService.startInternal Starting service [Catalina]
21-Sep-2018 08:20:27.990 信息 [main] org.apache.catalina.core.StandardEngine.startInternal Starting Servlet Engine: Apache Tomcat/8.5.33
21-Sep-2018 08:20:27.998 信息 [localhost-startStop-1] org.apache.catalina.startup.HostConfig.deployDirectory Deploying web application directory [/Users/ty/Documents/solr/tomcat-solr-2/webapps/docs]
21-Sep-2018 08:20:28.429 信息 [localhost-startStop-1] org.apache.catalina.startup.HostConfig.deployDirectory Deployment of web application directory [/Users/ty/Documents/solr/tomcat-solr-2/webapps/docs] has finished in [430] ms
21-Sep-2018 08:20:28.429 信息 [localhost-startStop-1] org.apache.catalina.startup.HostConfig.deployDirectory Deploying web application directory [/Users/ty/Documents/solr/tomcat-solr-2/webapps/solr]
21-Sep-2018 08:20:33.242 信息 [localhost-startStop-1] org.apache.jasper.servlet.TldScanner.scanJars At least one JAR was scanned for TLDs yet contained no TLDs. Enable debug logging for this logger for a complete list of JARs that were scanned but no TLDs were found in them. Skipping unneeded JARs during scanning can improve startup time and JSP compilation time.
21-Sep-2018 08:20:35.259 信息 [localhost-startStop-1] org.apache.catalina.startup.HostConfig.deployDirectory Deployment of web application directory [/Users/ty/Documents/solr/tomcat-solr-2/webapps/solr] has finished in [6,829] ms
21-Sep-2018 08:20:35.265 信息 [localhost-startStop-1] org.apache.catalina.startup.HostConfig.deployDirectory Deploying web application directory [/Users/ty/Documents/solr/tomcat-solr-2/webapps/manager]
21-Sep-2018 08:20:35.317 信息 [localhost-startStop-1] org.apache.catalina.startup.HostConfig.deployDirectory Deployment of web application directory [/Users/ty/Documents/solr/tomcat-solr-2/webapps/manager] has finished in [52] ms
21-Sep-2018 08:20:35.317 信息 [localhost-startStop-1] org.apache.catalina.startup.HostConfig.deployDirectory Deploying web application directory [/Users/ty/Documents/solr/tomcat-solr-2/webapps/examples]
21-Sep-2018 08:20:35.665 信息 [localhost-startStop-1] org.apache.catalina.startup.HostConfig.deployDirectory Deployment of web application directory [/Users/ty/Documents/solr/tomcat-solr-2/webapps/examples] has finished in [348] ms
21-Sep-2018 08:20:35.742 信息 [localhost-startStop-1] org.apache.catalina.startup.HostConfig.deployDirectory Deploying web application directory [/Users/ty/Documents/solr/tomcat-solr-2/webapps/ROOT]
21-Sep-2018 08:20:35.761 信息 [localhost-startStop-1] org.apache.catalina.startup.HostConfig.deployDirectory Deployment of web application directory [/Users/ty/Documents/solr/tomcat-solr-2/webapps/ROOT] has finished in [19] ms
21-Sep-2018 08:20:35.762 信息 [localhost-startStop-1] org.apache.catalina.startup.HostConfig.deployDirectory Deploying web application directory [/Users/ty/Documents/solr/tomcat-solr-2/webapps/host-manager]
21-Sep-2018 08:20:35.786 信息 [localhost-startStop-1] org.apache.catalina.startup.HostConfig.deployDirectory Deployment of web application directory [/Users/ty/Documents/solr/tomcat-solr-2/webapps/host-manager] has finished in [24] ms
21-Sep-2018 08:20:35.794 信息 [main] org.apache.coyote.AbstractProtocol.start Starting ProtocolHandler ["http-nio-8080"]
21-Sep-2018 08:20:35.804 信息 [main] org.apache.coyote.AbstractProtocol.start Starting ProtocolHandler ["ajp-nio-8009"]
21-Sep-2018 08:20:35.807 信息 [main] org.apache.catalina.startup.Catalina.start Server startup in 7851 ms
21-Sep-2018 08:21:00.490 警告 [main] org.apache.catalina.core.StandardServer.await StandardServer.await: Invalid command '' received
21-Sep-2018 10:13:20.553 警告 [main] org.apache.catalina.core.StandardServer.await StandardServer.await: Invalid command '' received
21-Sep-2018 11:04:52.274 警告 [main] org.apache.catalina.core.StandardServer.await StandardServer.await: Invalid command '' received
21-Sep-2018 11:35:12.626 警告 [main] org.apache.catalina.core.StandardServer.await StandardServer.await: Invalid command '' received
21-Sep-2018 11:43:56.674 警告 [main] org.apache.catalina.core.StandardServer.await StandardServer.await: Invalid command '' received
21-Sep-2018 11:46:38.469 警告 [main] org.apache.catalina.core.StandardServer.await StandardServer.await: Invalid command '' received
21-Sep-2018 13:42:47.131 警告 [main] org.apache.catalina.core.StandardServer.await StandardServer.await: Invalid command '' received
21-Sep-2018 13:47:51.973 警告 [main] org.apache.catalina.core.StandardServer.await StandardServer.await: Invalid command '' received
21-Sep-2018 13:54:00.774 警告 [main] org.apache.catalina.core.StandardServer.await StandardServer.await: Invalid command '' received
21-Sep-2018 14:21:03.101 警告 [main] org.apache.catalina.core.StandardServer.await StandardServer.await: Invalid command '' received
21-Sep-2018 15:32:59.913 警告 [main] org.apache.catalina.core.StandardServer.await StandardServer.await: Invalid command '' received
21-Sep-2018 15:39:51.013 警告 [main] org.apache.catalina.core.StandardServer.await StandardServer.await: Invalid command '' received
21-Sep-2018 15:53:57.338 警告 [main] org.apache.catalina.core.StandardServer.await StandardServer.await: Invalid command '' received
21-Sep-2018 16:04:12.568 警告 [main] org.apache.catalina.core.StandardServer.await StandardServer.await: Invalid command '' received
21-Sep-2018 16:16:33.360 警告 [main] org.apache.catalina.core.StandardServer.await StandardServer.await: Invalid command '' received
21-Sep-2018 16:19:16.339 警告 [main] org.apache.catalina.core.StandardServer.await StandardServer.await: Invalid command '' received
21-Sep-2018 16:20:02.952 警告 [main] org.apache.catalina.core.StandardServer.await StandardServer.await: Invalid command '' received
21-Sep-2018 16:21:06.622 警告 [main] org.apache.catalina.core.StandardServer.await StandardServer.await: Invalid command '' received
21-Sep-2018 16:26:00.600 警告 [main] org.apache.catalina.core.StandardServer.await StandardServer.await: Invalid command '' received
21-Sep-2018 17:17:50.961 警告 [main] org.apache.catalina.core.StandardServer.await StandardServer.await: Invalid command '' received
21-Sep-2018 17:54:57.203 警告 [main] org.apache.catalina.core.StandardServer.await StandardServer.await: Invalid command '' received
21-Sep-2018 18:39:08.686 警告 [main] org.apache.catalina.core.StandardServer.await StandardServer.await: Invalid command '' received
21-Sep-2018 19:46:52.988 警告 [main] org.apache.catalina.core.StandardServer.await StandardServer.await: Invalid command '' received
21-Sep-2018 21:24:32.741 警告 [main] org.apache.catalina.core.StandardServer.await StandardServer.await: Invalid command '' received
21-Sep-2018 21:25:53.888 警告 [main] org.apache.catalina.core.StandardServer.await StandardServer.await: Invalid command '' received
21-Sep-2018 21:26:23.418 警告 [main] org.apache.catalina.core.StandardServer.await StandardServer.await: Invalid command '' received
21-Sep-2018 21:29:10.853 警告 [main] org.apache.catalina.core.StandardServer.await StandardServer.await: Invalid command '' received
21-Sep-2018 21:30:30.210 警告 [main] org.apache.catalina.core.StandardServer.await StandardServer.await: Invalid command '' received
21-Sep-2018 21:33:10.470 警告 [main] org.apache.catalina.core.StandardServer.await StandardServer.await: Invalid command '' received
21-Sep-2018 21:36:48.916 信息 [Thread-6] org.apache.coyote.AbstractProtocol.pause Pausing ProtocolHandler ["http-nio-8080"]
21-Sep-2018 21:36:48.985 信息 [Thread-6] org.apache.coyote.AbstractProtocol.pause Pausing ProtocolHandler ["ajp-nio-8009"]
21-Sep-2018 21:36:49.049 信息 [Thread-6] org.apache.catalina.core.StandardService.stopInternal Stopping service [Catalina]
21-Sep-2018 21:36:49.288 信息 [Thread-6] org.apache.coyote.AbstractProtocol.stop Stopping ProtocolHandler ["http-nio-8080"]
21-Sep-2018 21:36:49.292 信息 [Thread-6] org.apache.coyote.AbstractProtocol.stop Stopping ProtocolHandler ["ajp-nio-8009"]
21-Sep-2018 21:36:49.296 信息 [Thread-6] org.apache.coyote.AbstractProtocol.destroy Destroying ProtocolHandler ["http-nio-8080"]
21-Sep-2018 21:36:49.297 信息 [Thread-6] org.apache.coyote.AbstractProtocol.destroy Destroying ProtocolHandler ["ajp-nio-8009"]
