22-Sep-2018 08:11:00.289 信息 [main] org.apache.catalina.startup.VersionLoggerListener.log Server version:        Apache Tomcat/8.5.33
22-Sep-2018 08:11:00.295 信息 [main] org.apache.catalina.startup.VersionLoggerListener.log Server built:          Aug 12 2018 08:20:08 UTC
22-Sep-2018 08:11:00.295 信息 [main] org.apache.catalina.startup.VersionLoggerListener.log Server number:         8.5.33.0
22-Sep-2018 08:11:00.296 信息 [main] org.apache.catalina.startup.VersionLoggerListener.log OS Name:               Mac OS X
22-Sep-2018 08:11:00.296 信息 [main] org.apache.catalina.startup.VersionLoggerListener.log OS Version:            10.13.5
22-Sep-2018 08:11:00.296 信息 [main] org.apache.catalina.startup.VersionLoggerListener.log Architecture:          x86_64
22-Sep-2018 08:11:00.296 信息 [main] org.apache.catalina.startup.VersionLoggerListener.log Java Home:             /Library/Java/JavaVirtualMachines/jdk1.8.0_171.jdk/Contents/Home/jre
22-Sep-2018 08:11:00.297 信息 [main] org.apache.catalina.startup.VersionLoggerListener.log JVM Version:           1.8.0_171-b11
22-Sep-2018 08:11:00.297 信息 [main] org.apache.catalina.startup.VersionLoggerListener.log JVM Vendor:            Oracle Corporation
22-Sep-2018 08:11:00.297 信息 [main] org.apache.catalina.startup.VersionLoggerListener.log CATALINA_BASE:         /Users/ty/Documents/solr/tomcat-solr-2
22-Sep-2018 08:11:00.297 信息 [main] org.apache.catalina.startup.VersionLoggerListener.log CATALINA_HOME:         /Users/ty/Documents/solr/tomcat-solr-2
22-Sep-2018 08:11:00.298 信息 [main] org.apache.catalina.startup.VersionLoggerListener.log Command line argument: -Djava.util.logging.config.file=/Users/ty/Documents/solr/tomcat-solr-2/conf/logging.properties
22-Sep-2018 08:11:00.299 信息 [main] org.apache.catalina.startup.VersionLoggerListener.log Command line argument: -Djava.util.logging.manager=org.apache.juli.ClassLoaderLogManager
22-Sep-2018 08:11:00.299 信息 [main] org.apache.catalina.startup.VersionLoggerListener.log Command line argument: -Djdk.tls.ephemeralDHKeySize=2048
22-Sep-2018 08:11:00.299 信息 [main] org.apache.catalina.startup.VersionLoggerListener.log Command line argument: -Djava.protocol.handler.pkgs=org.apache.catalina.webresources
22-Sep-2018 08:11:00.299 信息 [main] org.apache.catalina.startup.VersionLoggerListener.log Command line argument: -Dorg.apache.catalina.security.SecurityListener.UMASK=0027
22-Sep-2018 08:11:00.299 信息 [main] org.apache.catalina.startup.VersionLoggerListener.log Command line argument: -Dignore.endorsed.dirs=
22-Sep-2018 08:11:00.300 信息 [main] org.apache.catalina.startup.VersionLoggerListener.log Command line argument: -Dcatalina.base=/Users/ty/Documents/solr/tomcat-solr-2
22-Sep-2018 08:11:00.300 信息 [main] org.apache.catalina.startup.VersionLoggerListener.log Command line argument: -Dcatalina.home=/Users/ty/Documents/solr/tomcat-solr-2
22-Sep-2018 08:11:00.300 信息 [main] org.apache.catalina.startup.VersionLoggerListener.log Command line argument: -Djava.io.tmpdir=/Users/ty/Documents/solr/tomcat-solr-2/temp
22-Sep-2018 08:11:00.300 信息 [main] org.apache.catalina.core.AprLifecycleListener.lifecycleEvent The APR based Apache Tomcat Native library which allows optimal performance in production environments was not found on the java.library.path: [/Users/ty/Library/Java/Extensions:/Library/Java/Extensions:/Network/Library/Java/Extensions:/System/Library/Java/Extensions:/usr/lib/java:.]
22-Sep-2018 08:11:00.529 信息 [main] org.apache.coyote.AbstractProtocol.init Initializing ProtocolHandler ["http-nio-8080"]
22-Sep-2018 08:11:00.564 信息 [main] org.apache.tomcat.util.net.NioSelectorPool.getSharedSelector Using a shared selector for servlet write/read
22-Sep-2018 08:11:00.581 信息 [main] org.apache.coyote.AbstractProtocol.init Initializing ProtocolHandler ["ajp-nio-8009"]
22-Sep-2018 08:11:00.582 信息 [main] org.apache.tomcat.util.net.NioSelectorPool.getSharedSelector Using a shared selector for servlet write/read
22-Sep-2018 08:11:00.583 信息 [main] org.apache.catalina.startup.Catalina.load Initialization processed in 779 ms
22-Sep-2018 08:11:00.632 信息 [main] org.apache.catalina.core.StandardService.startInternal Starting service [Catalina]
22-Sep-2018 08:11:00.633 信息 [main] org.apache.catalina.core.StandardEngine.startInternal Starting Servlet Engine: Apache Tomcat/8.5.33
22-Sep-2018 08:11:00.648 信息 [localhost-startStop-1] org.apache.catalina.startup.HostConfig.deployDirectory Deploying web application directory [/Users/ty/Documents/solr/tomcat-solr-2/webapps/docs]
22-Sep-2018 08:11:01.183 信息 [localhost-startStop-1] org.apache.catalina.startup.HostConfig.deployDirectory Deployment of web application directory [/Users/ty/Documents/solr/tomcat-solr-2/webapps/docs] has finished in [534] ms
22-Sep-2018 08:11:01.183 信息 [localhost-startStop-1] org.apache.catalina.startup.HostConfig.deployDirectory Deploying web application directory [/Users/ty/Documents/solr/tomcat-solr-2/webapps/solr]
22-Sep-2018 08:11:08.559 信息 [localhost-startStop-1] org.apache.jasper.servlet.TldScanner.scanJars At least one JAR was scanned for TLDs yet contained no TLDs. Enable debug logging for this logger for a complete list of JARs that were scanned but no TLDs were found in them. Skipping unneeded JARs during scanning can improve startup time and JSP compilation time.
22-Sep-2018 08:11:11.767 信息 [localhost-startStop-1] org.apache.catalina.startup.HostConfig.deployDirectory Deployment of web application directory [/Users/ty/Documents/solr/tomcat-solr-2/webapps/solr] has finished in [10,584] ms
22-Sep-2018 08:11:11.767 信息 [localhost-startStop-1] org.apache.catalina.startup.HostConfig.deployDirectory Deploying web application directory [/Users/ty/Documents/solr/tomcat-solr-2/webapps/manager]
22-Sep-2018 08:11:11.846 信息 [localhost-startStop-1] org.apache.catalina.startup.HostConfig.deployDirectory Deployment of web application directory [/Users/ty/Documents/solr/tomcat-solr-2/webapps/manager] has finished in [79] ms
22-Sep-2018 08:11:11.846 信息 [localhost-startStop-1] org.apache.catalina.startup.HostConfig.deployDirectory Deploying web application directory [/Users/ty/Documents/solr/tomcat-solr-2/webapps/examples]
22-Sep-2018 08:11:12.433 信息 [localhost-startStop-1] org.apache.catalina.startup.HostConfig.deployDirectory Deployment of web application directory [/Users/ty/Documents/solr/tomcat-solr-2/webapps/examples] has finished in [587] ms
22-Sep-2018 08:11:12.433 信息 [localhost-startStop-1] org.apache.catalina.startup.HostConfig.deployDirectory Deploying web application directory [/Users/ty/Documents/solr/tomcat-solr-2/webapps/ROOT]
22-Sep-2018 08:11:12.452 信息 [localhost-startStop-1] org.apache.catalina.startup.HostConfig.deployDirectory Deployment of web application directory [/Users/ty/Documents/solr/tomcat-solr-2/webapps/ROOT] has finished in [19] ms
22-Sep-2018 08:11:12.453 信息 [localhost-startStop-1] org.apache.catalina.startup.HostConfig.deployDirectory Deploying web application directory [/Users/ty/Documents/solr/tomcat-solr-2/webapps/host-manager]
22-Sep-2018 08:11:12.482 信息 [localhost-startStop-1] org.apache.catalina.startup.HostConfig.deployDirectory Deployment of web application directory [/Users/ty/Documents/solr/tomcat-solr-2/webapps/host-manager] has finished in [30] ms
22-Sep-2018 08:11:12.488 信息 [main] org.apache.coyote.AbstractProtocol.start Starting ProtocolHandler ["http-nio-8080"]
22-Sep-2018 08:11:12.498 信息 [main] org.apache.coyote.AbstractProtocol.start Starting ProtocolHandler ["ajp-nio-8009"]
22-Sep-2018 08:11:12.500 信息 [main] org.apache.catalina.startup.Catalina.start Server startup in 11916 ms
22-Sep-2018 09:22:51.990 警告 [main] org.apache.catalina.core.StandardServer.await StandardServer.await: Invalid command '' received
22-Sep-2018 09:36:48.836 信息 [main] org.apache.catalina.startup.VersionLoggerListener.log Server version:        Apache Tomcat/8.5.33
22-Sep-2018 09:36:48.846 信息 [main] org.apache.catalina.startup.VersionLoggerListener.log Server built:          Aug 12 2018 08:20:08 UTC
22-Sep-2018 09:36:48.846 信息 [main] org.apache.catalina.startup.VersionLoggerListener.log Server number:         8.5.33.0
22-Sep-2018 09:36:48.846 信息 [main] org.apache.catalina.startup.VersionLoggerListener.log OS Name:               Mac OS X
22-Sep-2018 09:36:48.846 信息 [main] org.apache.catalina.startup.VersionLoggerListener.log OS Version:            10.13.5
22-Sep-2018 09:36:48.847 信息 [main] org.apache.catalina.startup.VersionLoggerListener.log Architecture:          x86_64
22-Sep-2018 09:36:48.847 信息 [main] org.apache.catalina.startup.VersionLoggerListener.log Java Home:             /Library/Java/JavaVirtualMachines/jdk1.8.0_171.jdk/Contents/Home/jre
22-Sep-2018 09:36:48.847 信息 [main] org.apache.catalina.startup.VersionLoggerListener.log JVM Version:           1.8.0_171-b11
22-Sep-2018 09:36:48.847 信息 [main] org.apache.catalina.startup.VersionLoggerListener.log JVM Vendor:            Oracle Corporation
22-Sep-2018 09:36:48.847 信息 [main] org.apache.catalina.startup.VersionLoggerListener.log CATALINA_BASE:         /Users/ty/Documents/solr/tomcat-solr-2
22-Sep-2018 09:36:48.847 信息 [main] org.apache.catalina.startup.VersionLoggerListener.log CATALINA_HOME:         /Users/ty/Documents/solr/tomcat-solr-2
22-Sep-2018 09:36:48.848 信息 [main] org.apache.catalina.startup.VersionLoggerListener.log Command line argument: -Djava.util.logging.config.file=/Users/ty/Documents/solr/tomcat-solr-2/conf/logging.properties
22-Sep-2018 09:36:48.848 信息 [main] org.apache.catalina.startup.VersionLoggerListener.log Command line argument: -Djava.util.logging.manager=org.apache.juli.ClassLoaderLogManager
22-Sep-2018 09:36:48.848 信息 [main] org.apache.catalina.startup.VersionLoggerListener.log Command line argument: -Djdk.tls.ephemeralDHKeySize=2048
22-Sep-2018 09:36:48.848 信息 [main] org.apache.catalina.startup.VersionLoggerListener.log Command line argument: -Djava.protocol.handler.pkgs=org.apache.catalina.webresources
22-Sep-2018 09:36:48.848 信息 [main] org.apache.catalina.startup.VersionLoggerListener.log Command line argument: -Dorg.apache.catalina.security.SecurityListener.UMASK=0027
22-Sep-2018 09:36:48.849 信息 [main] org.apache.catalina.startup.VersionLoggerListener.log Command line argument: -Dignore.endorsed.dirs=
22-Sep-2018 09:36:48.849 信息 [main] org.apache.catalina.startup.VersionLoggerListener.log Command line argument: -Dcatalina.base=/Users/ty/Documents/solr/tomcat-solr-2
22-Sep-2018 09:36:48.849 信息 [main] org.apache.catalina.startup.VersionLoggerListener.log Command line argument: -Dcatalina.home=/Users/ty/Documents/solr/tomcat-solr-2
22-Sep-2018 09:36:48.849 信息 [main] org.apache.catalina.startup.VersionLoggerListener.log Command line argument: -Djava.io.tmpdir=/Users/ty/Documents/solr/tomcat-solr-2/temp
22-Sep-2018 09:36:48.849 信息 [main] org.apache.catalina.core.AprLifecycleListener.lifecycleEvent The APR based Apache Tomcat Native library which allows optimal performance in production environments was not found on the java.library.path: [/Users/ty/Library/Java/Extensions:/Library/Java/Extensions:/Network/Library/Java/Extensions:/System/Library/Java/Extensions:/usr/lib/java:.]
22-Sep-2018 09:36:49.004 信息 [main] org.apache.coyote.AbstractProtocol.init Initializing ProtocolHandler ["http-nio-8080"]
22-Sep-2018 09:36:49.029 严重 [main] org.apache.catalina.core.StandardService.initInternal Failed to initialize connector [Connector[HTTP/1.1-8080]]
 org.apache.catalina.LifecycleException: Failed to initialize component [Connector[HTTP/1.1-8080]]
	at org.apache.catalina.util.LifecycleBase.init(LifecycleBase.java:112)
	at org.apache.catalina.core.StandardService.initInternal(StandardService.java:552)
	at org.apache.catalina.util.LifecycleBase.init(LifecycleBase.java:107)
	at org.apache.catalina.core.StandardServer.initInternal(StandardServer.java:875)
	at org.apache.catalina.util.LifecycleBase.init(LifecycleBase.java:107)
	at org.apache.catalina.startup.Catalina.load(Catalina.java:632)
	at org.apache.catalina.startup.Catalina.load(Catalina.java:655)
	at sun.reflect.NativeMethodAccessorImpl.invoke0(Native Method)
	at sun.reflect.NativeMethodAccessorImpl.invoke(NativeMethodAccessorImpl.java:62)
	at sun.reflect.DelegatingMethodAccessorImpl.invoke(DelegatingMethodAccessorImpl.java:43)
	at java.lang.reflect.Method.invoke(Method.java:498)
	at org.apache.catalina.startup.Bootstrap.load(Bootstrap.java:309)
	at org.apache.catalina.startup.Bootstrap.main(Bootstrap.java:492)
Caused by: org.apache.catalina.LifecycleException: Protocol handler initialization failed
	at org.apache.catalina.connector.Connector.initInternal(Connector.java:995)
	at org.apache.catalina.util.LifecycleBase.init(LifecycleBase.java:107)
	... 12 more
Caused by: java.net.BindException: Address already in use
	at sun.nio.ch.Net.bind0(Native Method)
	at sun.nio.ch.Net.bind(Net.java:433)
	at sun.nio.ch.Net.bind(Net.java:425)
	at sun.nio.ch.ServerSocketChannelImpl.bind(ServerSocketChannelImpl.java:223)
	at sun.nio.ch.ServerSocketAdaptor.bind(ServerSocketAdaptor.java:74)
	at org.apache.tomcat.util.net.NioEndpoint.bind(NioEndpoint.java:219)
	at org.apache.tomcat.util.net.AbstractEndpoint.init(AbstractEndpoint.java:1087)
	at org.apache.tomcat.util.net.AbstractJsseEndpoint.init(AbstractJsseEndpoint.java:265)
	at org.apache.coyote.AbstractProtocol.init(AbstractProtocol.java:581)
	at org.apache.coyote.http11.AbstractHttp11Protocol.init(AbstractHttp11Protocol.java:68)
	at org.apache.catalina.connector.Connector.initInternal(Connector.java:993)
	... 13 more

22-Sep-2018 09:36:49.030 信息 [main] org.apache.coyote.AbstractProtocol.init Initializing ProtocolHandler ["ajp-nio-8009"]
22-Sep-2018 09:36:49.032 严重 [main] org.apache.catalina.core.StandardService.initInternal Failed to initialize connector [Connector[AJP/1.3-8009]]
 org.apache.catalina.LifecycleException: Failed to initialize component [Connector[AJP/1.3-8009]]
	at org.apache.catalina.util.LifecycleBase.init(LifecycleBase.java:112)
	at org.apache.catalina.core.StandardService.initInternal(StandardService.java:552)
	at org.apache.catalina.util.LifecycleBase.init(LifecycleBase.java:107)
	at org.apache.catalina.core.StandardServer.initInternal(StandardServer.java:875)
	at org.apache.catalina.util.LifecycleBase.init(LifecycleBase.java:107)
	at org.apache.catalina.startup.Catalina.load(Catalina.java:632)
	at org.apache.catalina.startup.Catalina.load(Catalina.java:655)
	at sun.reflect.NativeMethodAccessorImpl.invoke0(Native Method)
	at sun.reflect.NativeMethodAccessorImpl.invoke(NativeMethodAccessorImpl.java:62)
	at sun.reflect.DelegatingMethodAccessorImpl.invoke(DelegatingMethodAccessorImpl.java:43)
	at java.lang.reflect.Method.invoke(Method.java:498)
	at org.apache.catalina.startup.Bootstrap.load(Bootstrap.java:309)
	at org.apache.catalina.startup.Bootstrap.main(Bootstrap.java:492)
Caused by: org.apache.catalina.LifecycleException: Protocol handler initialization failed
	at org.apache.catalina.connector.Connector.initInternal(Connector.java:995)
	at org.apache.catalina.util.LifecycleBase.init(LifecycleBase.java:107)
	... 12 more
Caused by: java.net.BindException: Address already in use
	at sun.nio.ch.Net.bind0(Native Method)
	at sun.nio.ch.Net.bind(Net.java:433)
	at sun.nio.ch.Net.bind(Net.java:425)
	at sun.nio.ch.ServerSocketChannelImpl.bind(ServerSocketChannelImpl.java:223)
	at sun.nio.ch.ServerSocketAdaptor.bind(ServerSocketAdaptor.java:74)
	at org.apache.tomcat.util.net.NioEndpoint.bind(NioEndpoint.java:219)
	at org.apache.tomcat.util.net.AbstractEndpoint.init(AbstractEndpoint.java:1087)
	at org.apache.tomcat.util.net.AbstractJsseEndpoint.init(AbstractJsseEndpoint.java:265)
	at org.apache.coyote.AbstractProtocol.init(AbstractProtocol.java:581)
	at org.apache.catalina.connector.Connector.initInternal(Connector.java:993)
	... 13 more

22-Sep-2018 09:36:49.033 信息 [main] org.apache.catalina.startup.Catalina.load Initialization processed in 684 ms
22-Sep-2018 09:36:49.071 信息 [main] org.apache.catalina.core.StandardService.startInternal Starting service [Catalina]
22-Sep-2018 09:36:49.071 信息 [main] org.apache.catalina.core.StandardEngine.startInternal Starting Servlet Engine: Apache Tomcat/8.5.33
22-Sep-2018 09:36:49.080 信息 [localhost-startStop-1] org.apache.catalina.startup.HostConfig.deployDirectory Deploying web application directory [/Users/ty/Documents/solr/tomcat-solr-2/webapps/docs]
22-Sep-2018 09:36:49.467 信息 [localhost-startStop-1] org.apache.catalina.startup.HostConfig.deployDirectory Deployment of web application directory [/Users/ty/Documents/solr/tomcat-solr-2/webapps/docs] has finished in [386] ms
22-Sep-2018 09:36:49.467 信息 [localhost-startStop-1] org.apache.catalina.startup.HostConfig.deployDirectory Deploying web application directory [/Users/ty/Documents/solr/tomcat-solr-2/webapps/solr]
22-Sep-2018 09:36:55.394 信息 [localhost-startStop-1] org.apache.jasper.servlet.TldScanner.scanJars At least one JAR was scanned for TLDs yet contained no TLDs. Enable debug logging for this logger for a complete list of JARs that were scanned but no TLDs were found in them. Skipping unneeded JARs during scanning can improve startup time and JSP compilation time.
22-Sep-2018 09:36:58.108 信息 [localhost-startStop-1] org.apache.catalina.startup.HostConfig.deployDirectory Deployment of web application directory [/Users/ty/Documents/solr/tomcat-solr-2/webapps/solr] has finished in [8,641] ms
22-Sep-2018 09:36:58.109 信息 [localhost-startStop-1] org.apache.catalina.startup.HostConfig.deployDirectory Deploying web application directory [/Users/ty/Documents/solr/tomcat-solr-2/webapps/manager]
22-Sep-2018 09:36:58.154 信息 [localhost-startStop-1] org.apache.catalina.startup.HostConfig.deployDirectory Deployment of web application directory [/Users/ty/Documents/solr/tomcat-solr-2/webapps/manager] has finished in [45] ms
22-Sep-2018 09:36:58.155 信息 [localhost-startStop-1] org.apache.catalina.startup.HostConfig.deployDirectory Deploying web application directory [/Users/ty/Documents/solr/tomcat-solr-2/webapps/examples]
22-Sep-2018 09:36:58.478 信息 [localhost-startStop-1] org.apache.catalina.startup.HostConfig.deployDirectory Deployment of web application directory [/Users/ty/Documents/solr/tomcat-solr-2/webapps/examples] has finished in [323] ms
22-Sep-2018 09:36:58.478 信息 [localhost-startStop-1] org.apache.catalina.startup.HostConfig.deployDirectory Deploying web application directory [/Users/ty/Documents/solr/tomcat-solr-2/webapps/ROOT]
22-Sep-2018 09:36:58.499 信息 [localhost-startStop-1] org.apache.catalina.startup.HostConfig.deployDirectory Deployment of web application directory [/Users/ty/Documents/solr/tomcat-solr-2/webapps/ROOT] has finished in [21] ms
22-Sep-2018 09:36:58.499 信息 [localhost-startStop-1] org.apache.catalina.startup.HostConfig.deployDirectory Deploying web application directory [/Users/ty/Documents/solr/tomcat-solr-2/webapps/host-manager]
22-Sep-2018 09:36:58.524 信息 [localhost-startStop-1] org.apache.catalina.startup.HostConfig.deployDirectory Deployment of web application directory [/Users/ty/Documents/solr/tomcat-solr-2/webapps/host-manager] has finished in [25] ms
22-Sep-2018 09:36:58.531 信息 [main] org.apache.catalina.startup.Catalina.start Server startup in 9497 ms
22-Sep-2018 09:36:58.537 严重 [main] org.apache.catalina.core.StandardServer.await StandardServer.await: create[localhost:8005]: 
 java.net.BindException: Address already in use (Bind failed)
	at java.net.PlainSocketImpl.socketBind(Native Method)
	at java.net.AbstractPlainSocketImpl.bind(AbstractPlainSocketImpl.java:387)
	at java.net.ServerSocket.bind(ServerSocket.java:375)
	at java.net.ServerSocket.<init>(ServerSocket.java:237)
	at org.apache.catalina.core.StandardServer.await(StandardServer.java:440)
	at org.apache.catalina.startup.Catalina.await(Catalina.java:769)
	at org.apache.catalina.startup.Catalina.start(Catalina.java:715)
	at sun.reflect.NativeMethodAccessorImpl.invoke0(Native Method)
	at sun.reflect.NativeMethodAccessorImpl.invoke(NativeMethodAccessorImpl.java:62)
	at sun.reflect.DelegatingMethodAccessorImpl.invoke(DelegatingMethodAccessorImpl.java:43)
	at java.lang.reflect.Method.invoke(Method.java:498)
	at org.apache.catalina.startup.Bootstrap.start(Bootstrap.java:353)
	at org.apache.catalina.startup.Bootstrap.main(Bootstrap.java:493)

22-Sep-2018 09:36:58.538 信息 [main] org.apache.coyote.AbstractProtocol.pause Pausing ProtocolHandler ["http-nio-8080"]
22-Sep-2018 09:36:58.538 信息 [main] org.apache.coyote.AbstractProtocol.pause Pausing ProtocolHandler ["ajp-nio-8009"]
22-Sep-2018 09:36:58.538 信息 [main] org.apache.catalina.core.StandardService.stopInternal Stopping service [Catalina]
22-Sep-2018 09:36:59.868 信息 [main] org.apache.coyote.AbstractProtocol.stop Stopping ProtocolHandler ["http-nio-8080"]
22-Sep-2018 09:36:59.869 信息 [main] org.apache.coyote.AbstractProtocol.destroy Destroying ProtocolHandler ["http-nio-8080"]
22-Sep-2018 09:36:59.869 信息 [main] org.apache.coyote.AbstractProtocol.stop Stopping ProtocolHandler ["ajp-nio-8009"]
22-Sep-2018 09:36:59.869 信息 [main] org.apache.coyote.AbstractProtocol.destroy Destroying ProtocolHandler ["ajp-nio-8009"]
22-Sep-2018 10:47:20.320 警告 [main] org.apache.catalina.core.StandardServer.await StandardServer.await: Invalid command '' received
22-Sep-2018 10:48:31.683 警告 [main] org.apache.catalina.core.StandardServer.await StandardServer.await: Invalid command '' received
22-Sep-2018 10:49:51.866 警告 [main] org.apache.catalina.core.StandardServer.await StandardServer.await: Invalid command '' received
22-Sep-2018 10:51:45.297 警告 [main] org.apache.catalina.core.StandardServer.await StandardServer.await: Invalid command '' received
22-Sep-2018 10:52:40.571 警告 [main] org.apache.catalina.core.StandardServer.await StandardServer.await: Invalid command '' received
22-Sep-2018 10:53:25.292 警告 [main] org.apache.catalina.core.StandardServer.await StandardServer.await: Invalid command '' received
22-Sep-2018 10:54:41.490 警告 [main] org.apache.catalina.core.StandardServer.await StandardServer.await: Invalid command '' received
22-Sep-2018 10:56:03.125 警告 [main] org.apache.catalina.core.StandardServer.await StandardServer.await: Invalid command '' received
22-Sep-2018 10:57:32.096 警告 [main] org.apache.catalina.core.StandardServer.await StandardServer.await: Invalid command '' received
22-Sep-2018 10:58:24.326 警告 [main] org.apache.catalina.core.StandardServer.await StandardServer.await: Invalid command '' received
22-Sep-2018 14:32:32.247 警告 [main] org.apache.catalina.core.StandardServer.await StandardServer.await: Invalid command '' received
22-Sep-2018 14:41:17.736 警告 [main] org.apache.catalina.core.StandardServer.await StandardServer.await: Invalid command '' received
22-Sep-2018 14:42:55.375 警告 [main] org.apache.catalina.core.StandardServer.await StandardServer.await: Invalid command '' received
22-Sep-2018 14:49:56.065 警告 [main] org.apache.catalina.core.StandardServer.await StandardServer.await: Invalid command '' received
22-Sep-2018 14:55:33.756 警告 [main] org.apache.catalina.core.StandardServer.await StandardServer.await: Invalid command '' received
22-Sep-2018 15:11:11.896 信息 [Thread-6] org.apache.coyote.AbstractProtocol.pause Pausing ProtocolHandler ["http-nio-8080"]
22-Sep-2018 15:11:11.964 信息 [Thread-6] org.apache.coyote.AbstractProtocol.pause Pausing ProtocolHandler ["ajp-nio-8009"]
22-Sep-2018 15:11:12.018 信息 [Thread-6] org.apache.catalina.core.StandardService.stopInternal Stopping service [Catalina]
22-Sep-2018 15:11:12.220 信息 [Thread-6] org.apache.coyote.AbstractProtocol.stop Stopping ProtocolHandler ["http-nio-8080"]
22-Sep-2018 15:11:12.226 信息 [Thread-6] org.apache.coyote.AbstractProtocol.stop Stopping ProtocolHandler ["ajp-nio-8009"]
22-Sep-2018 15:11:12.230 信息 [Thread-6] org.apache.coyote.AbstractProtocol.destroy Destroying ProtocolHandler ["http-nio-8080"]
22-Sep-2018 15:11:12.231 信息 [Thread-6] org.apache.coyote.AbstractProtocol.destroy Destroying ProtocolHandler ["ajp-nio-8009"]
22-Sep-2018 15:15:07.824 信息 [main] org.apache.catalina.startup.VersionLoggerListener.log Server version:        Apache Tomcat/8.5.33
22-Sep-2018 15:15:07.831 信息 [main] org.apache.catalina.startup.VersionLoggerListener.log Server built:          Aug 12 2018 08:20:08 UTC
22-Sep-2018 15:15:07.831 信息 [main] org.apache.catalina.startup.VersionLoggerListener.log Server number:         8.5.33.0
22-Sep-2018 15:15:07.832 信息 [main] org.apache.catalina.startup.VersionLoggerListener.log OS Name:               Mac OS X
22-Sep-2018 15:15:07.832 信息 [main] org.apache.catalina.startup.VersionLoggerListener.log OS Version:            10.13.5
22-Sep-2018 15:15:07.832 信息 [main] org.apache.catalina.startup.VersionLoggerListener.log Architecture:          x86_64
22-Sep-2018 15:15:07.832 信息 [main] org.apache.catalina.startup.VersionLoggerListener.log Java Home:             /Library/Java/JavaVirtualMachines/jdk1.8.0_171.jdk/Contents/Home/jre
22-Sep-2018 15:15:07.832 信息 [main] org.apache.catalina.startup.VersionLoggerListener.log JVM Version:           1.8.0_171-b11
22-Sep-2018 15:15:07.832 信息 [main] org.apache.catalina.startup.VersionLoggerListener.log JVM Vendor:            Oracle Corporation
22-Sep-2018 15:15:07.832 信息 [main] org.apache.catalina.startup.VersionLoggerListener.log CATALINA_BASE:         /Users/ty/Documents/solr/tomcat-solr-2
22-Sep-2018 15:15:07.832 信息 [main] org.apache.catalina.startup.VersionLoggerListener.log CATALINA_HOME:         /Users/ty/Documents/solr/tomcat-solr-2
22-Sep-2018 15:15:07.833 信息 [main] org.apache.catalina.startup.VersionLoggerListener.log Command line argument: -Djava.util.logging.config.file=/Users/ty/Documents/solr/tomcat-solr-2/conf/logging.properties
22-Sep-2018 15:15:07.833 信息 [main] org.apache.catalina.startup.VersionLoggerListener.log Command line argument: -Djava.util.logging.manager=org.apache.juli.ClassLoaderLogManager
22-Sep-2018 15:15:07.834 信息 [main] org.apache.catalina.startup.VersionLoggerListener.log Command line argument: -Djdk.tls.ephemeralDHKeySize=2048
22-Sep-2018 15:15:07.834 信息 [main] org.apache.catalina.startup.VersionLoggerListener.log Command line argument: -Djava.protocol.handler.pkgs=org.apache.catalina.webresources
22-Sep-2018 15:15:07.834 信息 [main] org.apache.catalina.startup.VersionLoggerListener.log Command line argument: -Dorg.apache.catalina.security.SecurityListener.UMASK=0027
22-Sep-2018 15:15:07.834 信息 [main] org.apache.catalina.startup.VersionLoggerListener.log Command line argument: -Dignore.endorsed.dirs=
22-Sep-2018 15:15:07.834 信息 [main] org.apache.catalina.startup.VersionLoggerListener.log Command line argument: -Dcatalina.base=/Users/ty/Documents/solr/tomcat-solr-2
22-Sep-2018 15:15:07.834 信息 [main] org.apache.catalina.startup.VersionLoggerListener.log Command line argument: -Dcatalina.home=/Users/ty/Documents/solr/tomcat-solr-2
22-Sep-2018 15:15:07.835 信息 [main] org.apache.catalina.startup.VersionLoggerListener.log Command line argument: -Djava.io.tmpdir=/Users/ty/Documents/solr/tomcat-solr-2/temp
22-Sep-2018 15:15:07.835 信息 [main] org.apache.catalina.core.AprLifecycleListener.lifecycleEvent The APR based Apache Tomcat Native library which allows optimal performance in production environments was not found on the java.library.path: [/Users/ty/Library/Java/Extensions:/Library/Java/Extensions:/Network/Library/Java/Extensions:/System/Library/Java/Extensions:/usr/lib/java:.]
22-Sep-2018 15:15:08.069 信息 [main] org.apache.coyote.AbstractProtocol.init Initializing ProtocolHandler ["http-nio-8080"]
22-Sep-2018 15:15:08.107 信息 [main] org.apache.tomcat.util.net.NioSelectorPool.getSharedSelector Using a shared selector for servlet write/read
22-Sep-2018 15:15:08.115 信息 [main] org.apache.coyote.AbstractProtocol.init Initializing ProtocolHandler ["ajp-nio-8009"]
22-Sep-2018 15:15:08.119 信息 [main] org.apache.tomcat.util.net.NioSelectorPool.getSharedSelector Using a shared selector for servlet write/read
22-Sep-2018 15:15:08.120 信息 [main] org.apache.catalina.startup.Catalina.load Initialization processed in 968 ms
22-Sep-2018 15:15:08.164 信息 [main] org.apache.catalina.core.StandardService.startInternal Starting service [Catalina]
22-Sep-2018 15:15:08.164 信息 [main] org.apache.catalina.core.StandardEngine.startInternal Starting Servlet Engine: Apache Tomcat/8.5.33
22-Sep-2018 15:15:08.176 信息 [localhost-startStop-1] org.apache.catalina.startup.HostConfig.deployDirectory Deploying web application directory [/Users/ty/Documents/solr/tomcat-solr-2/webapps/docs]
22-Sep-2018 15:15:08.796 信息 [localhost-startStop-1] org.apache.catalina.startup.HostConfig.deployDirectory Deployment of web application directory [/Users/ty/Documents/solr/tomcat-solr-2/webapps/docs] has finished in [619] ms
22-Sep-2018 15:15:08.796 信息 [localhost-startStop-1] org.apache.catalina.startup.HostConfig.deployDirectory Deploying web application directory [/Users/ty/Documents/solr/tomcat-solr-2/webapps/solr]
22-Sep-2018 15:15:18.782 信息 [localhost-startStop-1] org.apache.jasper.servlet.TldScanner.scanJars At least one JAR was scanned for TLDs yet contained no TLDs. Enable debug logging for this logger for a complete list of JARs that were scanned but no TLDs were found in them. Skipping unneeded JARs during scanning can improve startup time and JSP compilation time.
22-Sep-2018 15:15:22.892 信息 [localhost-startStop-1] org.apache.catalina.startup.HostConfig.deployDirectory Deployment of web application directory [/Users/ty/Documents/solr/tomcat-solr-2/webapps/solr] has finished in [14,096] ms
22-Sep-2018 15:15:22.892 信息 [localhost-startStop-1] org.apache.catalina.startup.HostConfig.deployDirectory Deploying web application directory [/Users/ty/Documents/solr/tomcat-solr-2/webapps/manager]
22-Sep-2018 15:15:22.938 信息 [localhost-startStop-1] org.apache.catalina.startup.HostConfig.deployDirectory Deployment of web application directory [/Users/ty/Documents/solr/tomcat-solr-2/webapps/manager] has finished in [46] ms
22-Sep-2018 15:15:22.938 信息 [localhost-startStop-1] org.apache.catalina.startup.HostConfig.deployDirectory Deploying web application directory [/Users/ty/Documents/solr/tomcat-solr-2/webapps/examples]
22-Sep-2018 15:15:23.431 信息 [localhost-startStop-1] org.apache.catalina.startup.HostConfig.deployDirectory Deployment of web application directory [/Users/ty/Documents/solr/tomcat-solr-2/webapps/examples] has finished in [493] ms
22-Sep-2018 15:15:23.432 信息 [localhost-startStop-1] org.apache.catalina.startup.HostConfig.deployDirectory Deploying web application directory [/Users/ty/Documents/solr/tomcat-solr-2/webapps/ROOT]
22-Sep-2018 15:15:23.454 信息 [localhost-startStop-1] org.apache.catalina.startup.HostConfig.deployDirectory Deployment of web application directory [/Users/ty/Documents/solr/tomcat-solr-2/webapps/ROOT] has finished in [22] ms
22-Sep-2018 15:15:23.454 信息 [localhost-startStop-1] org.apache.catalina.startup.HostConfig.deployDirectory Deploying web application directory [/Users/ty/Documents/solr/tomcat-solr-2/webapps/host-manager]
22-Sep-2018 15:15:23.493 信息 [localhost-startStop-1] org.apache.catalina.startup.HostConfig.deployDirectory Deployment of web application directory [/Users/ty/Documents/solr/tomcat-solr-2/webapps/host-manager] has finished in [39] ms
22-Sep-2018 15:15:23.501 信息 [main] org.apache.coyote.AbstractProtocol.start Starting ProtocolHandler ["http-nio-8080"]
22-Sep-2018 15:15:23.515 信息 [main] org.apache.coyote.AbstractProtocol.start Starting ProtocolHandler ["ajp-nio-8009"]
22-Sep-2018 15:15:23.517 信息 [main] org.apache.catalina.startup.Catalina.start Server startup in 15396 ms
22-Sep-2018 15:15:39.463 警告 [main] org.apache.catalina.core.StandardServer.await StandardServer.await: Invalid command '' received
22-Sep-2018 16:42:43.166 警告 [main] org.apache.catalina.core.StandardServer.await StandardServer.await: Invalid command '' received
22-Sep-2018 16:49:41.434 警告 [main] org.apache.catalina.core.StandardServer.await StandardServer.await: Invalid command '' received
22-Sep-2018 17:02:44.429 警告 [main] org.apache.catalina.core.StandardServer.await StandardServer.await: Invalid command '' received
22-Sep-2018 17:05:03.279 警告 [main] org.apache.catalina.core.StandardServer.await StandardServer.await: Invalid command '' received
22-Sep-2018 17:08:06.578 警告 [main] org.apache.catalina.core.StandardServer.await StandardServer.await: Invalid command '' received
22-Sep-2018 19:17:57.497 警告 [main] org.apache.catalina.core.StandardServer.await StandardServer.await: Invalid command '' received
22-Sep-2018 19:23:18.926 警告 [main] org.apache.catalina.core.StandardServer.await StandardServer.await: Invalid command '' received
22-Sep-2018 19:39:11.083 警告 [main] org.apache.catalina.core.StandardServer.await StandardServer.await: Invalid command '' received
22-Sep-2018 19:41:00.291 警告 [main] org.apache.catalina.core.StandardServer.await StandardServer.await: Invalid command '' received
22-Sep-2018 20:58:23.009 警告 [main] org.apache.catalina.core.StandardServer.await StandardServer.await: Invalid command '' received
22-Sep-2018 21:01:30.105 警告 [main] org.apache.catalina.core.StandardServer.await StandardServer.await: Invalid command '' received
22-Sep-2018 21:25:17.248 信息 [Thread-6] org.apache.coyote.AbstractProtocol.pause Pausing ProtocolHandler ["http-nio-8080"]
22-Sep-2018 21:25:17.318 信息 [Thread-6] org.apache.coyote.AbstractProtocol.pause Pausing ProtocolHandler ["ajp-nio-8009"]
22-Sep-2018 21:25:17.373 信息 [Thread-6] org.apache.catalina.core.StandardService.stopInternal Stopping service [Catalina]
22-Sep-2018 21:25:17.555 信息 [Thread-6] org.apache.coyote.AbstractProtocol.stop Stopping ProtocolHandler ["http-nio-8080"]
22-Sep-2018 21:25:17.561 信息 [Thread-6] org.apache.coyote.AbstractProtocol.stop Stopping ProtocolHandler ["ajp-nio-8009"]
22-Sep-2018 21:25:17.565 信息 [Thread-6] org.apache.coyote.AbstractProtocol.destroy Destroying ProtocolHandler ["http-nio-8080"]
22-Sep-2018 21:25:17.566 信息 [Thread-6] org.apache.coyote.AbstractProtocol.destroy Destroying ProtocolHandler ["ajp-nio-8009"]
