20-Sep-2018 13:15:02.792 信息 [main] org.apache.catalina.startup.VersionLoggerListener.log Server version:        Apache Tomcat/8.5.33
20-Sep-2018 13:15:02.796 信息 [main] org.apache.catalina.startup.VersionLoggerListener.log Server built:          Aug 12 2018 08:20:08 UTC
20-Sep-2018 13:15:02.796 信息 [main] org.apache.catalina.startup.VersionLoggerListener.log Server number:         8.5.33.0
20-Sep-2018 13:15:02.797 信息 [main] org.apache.catalina.startup.VersionLoggerListener.log OS Name:               Mac OS X
20-Sep-2018 13:15:02.797 信息 [main] org.apache.catalina.startup.VersionLoggerListener.log OS Version:            10.13.5
20-Sep-2018 13:15:02.797 信息 [main] org.apache.catalina.startup.VersionLoggerListener.log Architecture:          x86_64
20-Sep-2018 13:15:02.797 信息 [main] org.apache.catalina.startup.VersionLoggerListener.log Java Home:             /Library/Java/JavaVirtualMachines/jdk1.8.0_171.jdk/Contents/Home/jre
20-Sep-2018 13:15:02.797 信息 [main] org.apache.catalina.startup.VersionLoggerListener.log JVM Version:           1.8.0_171-b11
20-Sep-2018 13:15:02.797 信息 [main] org.apache.catalina.startup.VersionLoggerListener.log JVM Vendor:            Oracle Corporation
20-Sep-2018 13:15:02.797 信息 [main] org.apache.catalina.startup.VersionLoggerListener.log CATALINA_BASE:         /Users/ty/Documents/solr/tomcat-solr-2
20-Sep-2018 13:15:02.797 信息 [main] org.apache.catalina.startup.VersionLoggerListener.log CATALINA_HOME:         /Users/ty/Documents/solr/tomcat-solr-2
20-Sep-2018 13:15:02.798 信息 [main] org.apache.catalina.startup.VersionLoggerListener.log Command line argument: -Djava.util.logging.config.file=/Users/ty/Documents/solr/tomcat-solr-2/conf/logging.properties
20-Sep-2018 13:15:02.798 信息 [main] org.apache.catalina.startup.VersionLoggerListener.log Command line argument: -Djava.util.logging.manager=org.apache.juli.ClassLoaderLogManager
20-Sep-2018 13:15:02.798 信息 [main] org.apache.catalina.startup.VersionLoggerListener.log Command line argument: -Djdk.tls.ephemeralDHKeySize=2048
20-Sep-2018 13:15:02.798 信息 [main] org.apache.catalina.startup.VersionLoggerListener.log Command line argument: -Djava.protocol.handler.pkgs=org.apache.catalina.webresources
20-Sep-2018 13:15:02.799 信息 [main] org.apache.catalina.startup.VersionLoggerListener.log Command line argument: -Dorg.apache.catalina.security.SecurityListener.UMASK=0027
20-Sep-2018 13:15:02.799 信息 [main] org.apache.catalina.startup.VersionLoggerListener.log Command line argument: -Dignore.endorsed.dirs=
20-Sep-2018 13:15:02.799 信息 [main] org.apache.catalina.startup.VersionLoggerListener.log Command line argument: -Dcatalina.base=/Users/ty/Documents/solr/tomcat-solr-2
20-Sep-2018 13:15:02.799 信息 [main] org.apache.catalina.startup.VersionLoggerListener.log Command line argument: -Dcatalina.home=/Users/ty/Documents/solr/tomcat-solr-2
20-Sep-2018 13:15:02.799 信息 [main] org.apache.catalina.startup.VersionLoggerListener.log Command line argument: -Djava.io.tmpdir=/Users/ty/Documents/solr/tomcat-solr-2/temp
20-Sep-2018 13:15:02.799 信息 [main] org.apache.catalina.core.AprLifecycleListener.lifecycleEvent The APR based Apache Tomcat Native library which allows optimal performance in production environments was not found on the java.library.path: [/Users/ty/Library/Java/Extensions:/Library/Java/Extensions:/Network/Library/Java/Extensions:/System/Library/Java/Extensions:/usr/lib/java:.]
20-Sep-2018 13:15:02.988 信息 [main] org.apache.coyote.AbstractProtocol.init Initializing ProtocolHandler ["http-nio-8080"]
20-Sep-2018 13:15:03.023 信息 [main] org.apache.tomcat.util.net.NioSelectorPool.getSharedSelector Using a shared selector for servlet write/read
20-Sep-2018 13:15:03.037 信息 [main] org.apache.coyote.AbstractProtocol.init Initializing ProtocolHandler ["ajp-nio-8009"]
20-Sep-2018 13:15:03.039 严重 [main] org.apache.catalina.core.StandardService.initInternal Failed to initialize connector [Connector[AJP/1.3-8009]]
 org.apache.catalina.LifecycleException: Failed to initialize component [Connector[AJP/1.3-8009]]
	at org.apache.catalina.util.LifecycleBase.init(LifecycleBase.java:112)
	at org.apache.catalina.core.StandardService.initInternal(StandardService.java:552)
	at org.apache.catalina.util.LifecycleBase.init(LifecycleBase.java:107)
	at org.apache.catalina.core.StandardServer.initInternal(StandardServer.java:875)
	at org.apache.catalina.util.LifecycleBase.init(LifecycleBase.java:107)
	at org.apache.catalina.startup.Catalina.load(Catalina.java:632)
	at org.apache.catalina.startup.Catalina.load(Catalina.java:655)
	at sun.reflect.NativeMethodAccessorImpl.invoke0(Native Method)
	at sun.reflect.NativeMethodAccessorImpl.invoke(NativeMethodAccessorImpl.java:62)
	at sun.reflect.DelegatingMethodAccessorImpl.invoke(DelegatingMethodAccessorImpl.java:43)
	at java.lang.reflect.Method.invoke(Method.java:498)
	at org.apache.catalina.startup.Bootstrap.load(Bootstrap.java:309)
	at org.apache.catalina.startup.Bootstrap.main(Bootstrap.java:492)
Caused by: org.apache.catalina.LifecycleException: Protocol handler initialization failed
	at org.apache.catalina.connector.Connector.initInternal(Connector.java:995)
	at org.apache.catalina.util.LifecycleBase.init(LifecycleBase.java:107)
	... 12 more
Caused by: java.net.BindException: Address already in use
	at sun.nio.ch.Net.bind0(Native Method)
	at sun.nio.ch.Net.bind(Net.java:433)
	at sun.nio.ch.Net.bind(Net.java:425)
	at sun.nio.ch.ServerSocketChannelImpl.bind(ServerSocketChannelImpl.java:223)
	at sun.nio.ch.ServerSocketAdaptor.bind(ServerSocketAdaptor.java:74)
	at org.apache.tomcat.util.net.NioEndpoint.bind(NioEndpoint.java:219)
	at org.apache.tomcat.util.net.AbstractEndpoint.init(AbstractEndpoint.java:1087)
	at org.apache.tomcat.util.net.AbstractJsseEndpoint.init(AbstractJsseEndpoint.java:265)
	at org.apache.coyote.AbstractProtocol.init(AbstractProtocol.java:581)
	at org.apache.catalina.connector.Connector.initInternal(Connector.java:993)
	... 13 more

20-Sep-2018 13:15:03.041 信息 [main] org.apache.catalina.startup.Catalina.load Initialization processed in 737 ms
20-Sep-2018 13:15:03.080 信息 [main] org.apache.catalina.core.StandardService.startInternal Starting service [Catalina]
20-Sep-2018 13:15:03.080 信息 [main] org.apache.catalina.core.StandardEngine.startInternal Starting Servlet Engine: Apache Tomcat/8.5.33
20-Sep-2018 13:15:03.091 信息 [localhost-startStop-1] org.apache.catalina.startup.HostConfig.deployDirectory Deploying web application directory [/Users/ty/Documents/solr/tomcat-solr-2/webapps/docs]
20-Sep-2018 13:15:03.579 信息 [localhost-startStop-1] org.apache.catalina.startup.HostConfig.deployDirectory Deployment of web application directory [/Users/ty/Documents/solr/tomcat-solr-2/webapps/docs] has finished in [487] ms
20-Sep-2018 13:15:03.579 信息 [localhost-startStop-1] org.apache.catalina.startup.HostConfig.deployDirectory Deploying web application directory [/Users/ty/Documents/solr/tomcat-solr-2/webapps/solr]
20-Sep-2018 13:15:16.183 信息 [localhost-startStop-1] org.apache.jasper.servlet.TldScanner.scanJars At least one JAR was scanned for TLDs yet contained no TLDs. Enable debug logging for this logger for a complete list of JARs that were scanned but no TLDs were found in them. Skipping unneeded JARs during scanning can improve startup time and JSP compilation time.
20-Sep-2018 13:15:18.928 信息 [localhost-startStop-1] org.apache.catalina.startup.HostConfig.deployDirectory Deployment of web application directory [/Users/ty/Documents/solr/tomcat-solr-2/webapps/solr] has finished in [15,349] ms
20-Sep-2018 13:15:18.929 信息 [localhost-startStop-1] org.apache.catalina.startup.HostConfig.deployDirectory Deploying web application directory [/Users/ty/Documents/solr/tomcat-solr-2/webapps/manager]
20-Sep-2018 13:15:19.027 信息 [localhost-startStop-1] org.apache.catalina.startup.HostConfig.deployDirectory Deployment of web application directory [/Users/ty/Documents/solr/tomcat-solr-2/webapps/manager] has finished in [98] ms
20-Sep-2018 13:15:19.028 信息 [localhost-startStop-1] org.apache.catalina.startup.HostConfig.deployDirectory Deploying web application directory [/Users/ty/Documents/solr/tomcat-solr-2/webapps/examples]
20-Sep-2018 13:15:19.630 信息 [localhost-startStop-1] org.apache.catalina.startup.HostConfig.deployDirectory Deployment of web application directory [/Users/ty/Documents/solr/tomcat-solr-2/webapps/examples] has finished in [602] ms
20-Sep-2018 13:15:19.630 信息 [localhost-startStop-1] org.apache.catalina.startup.HostConfig.deployDirectory Deploying web application directory [/Users/ty/Documents/solr/tomcat-solr-2/webapps/ROOT]
20-Sep-2018 13:15:19.672 信息 [localhost-startStop-1] org.apache.catalina.startup.HostConfig.deployDirectory Deployment of web application directory [/Users/ty/Documents/solr/tomcat-solr-2/webapps/ROOT] has finished in [42] ms
20-Sep-2018 13:15:19.672 信息 [localhost-startStop-1] org.apache.catalina.startup.HostConfig.deployDirectory Deploying web application directory [/Users/ty/Documents/solr/tomcat-solr-2/webapps/host-manager]
20-Sep-2018 13:15:19.731 信息 [localhost-startStop-1] org.apache.catalina.startup.HostConfig.deployDirectory Deployment of web application directory [/Users/ty/Documents/solr/tomcat-solr-2/webapps/host-manager] has finished in [59] ms
20-Sep-2018 13:15:19.745 信息 [main] org.apache.coyote.AbstractProtocol.start Starting ProtocolHandler ["http-nio-8080"]
20-Sep-2018 13:15:19.766 信息 [main] org.apache.catalina.startup.Catalina.start Server startup in 16724 ms
20-Sep-2018 13:15:19.779 严重 [main] org.apache.catalina.core.StandardServer.await StandardServer.await: create[localhost:8005]: 
 java.net.BindException: Address already in use (Bind failed)
	at java.net.PlainSocketImpl.socketBind(Native Method)
	at java.net.AbstractPlainSocketImpl.bind(AbstractPlainSocketImpl.java:387)
	at java.net.ServerSocket.bind(ServerSocket.java:375)
	at java.net.ServerSocket.<init>(ServerSocket.java:237)
	at org.apache.catalina.core.StandardServer.await(StandardServer.java:440)
	at org.apache.catalina.startup.Catalina.await(Catalina.java:769)
	at org.apache.catalina.startup.Catalina.start(Catalina.java:715)
	at sun.reflect.NativeMethodAccessorImpl.invoke0(Native Method)
	at sun.reflect.NativeMethodAccessorImpl.invoke(NativeMethodAccessorImpl.java:62)
	at sun.reflect.DelegatingMethodAccessorImpl.invoke(DelegatingMethodAccessorImpl.java:43)
	at java.lang.reflect.Method.invoke(Method.java:498)
	at org.apache.catalina.startup.Bootstrap.start(Bootstrap.java:353)
	at org.apache.catalina.startup.Bootstrap.main(Bootstrap.java:493)

20-Sep-2018 13:15:19.780 信息 [main] org.apache.coyote.AbstractProtocol.pause Pausing ProtocolHandler ["http-nio-8080"]
20-Sep-2018 13:15:19.851 信息 [main] org.apache.coyote.AbstractProtocol.pause Pausing ProtocolHandler ["ajp-nio-8009"]
20-Sep-2018 13:15:19.855 信息 [main] org.apache.catalina.core.StandardService.stopInternal Stopping service [Catalina]
20-Sep-2018 13:15:24.541 信息 [main] org.apache.coyote.AbstractProtocol.stop Stopping ProtocolHandler ["http-nio-8080"]
20-Sep-2018 13:15:24.548 信息 [main] org.apache.coyote.AbstractProtocol.destroy Destroying ProtocolHandler ["http-nio-8080"]
20-Sep-2018 13:15:24.548 信息 [main] org.apache.coyote.AbstractProtocol.stop Stopping ProtocolHandler ["ajp-nio-8009"]
20-Sep-2018 13:15:24.549 信息 [main] org.apache.coyote.AbstractProtocol.destroy Destroying ProtocolHandler ["ajp-nio-8009"]
20-Sep-2018 13:16:12.462 信息 [main] org.apache.catalina.startup.VersionLoggerListener.log Server version:        Apache Tomcat/8.5.33
20-Sep-2018 13:16:12.466 信息 [main] org.apache.catalina.startup.VersionLoggerListener.log Server built:          Aug 12 2018 08:20:08 UTC
20-Sep-2018 13:16:12.467 信息 [main] org.apache.catalina.startup.VersionLoggerListener.log Server number:         8.5.33.0
20-Sep-2018 13:16:12.467 信息 [main] org.apache.catalina.startup.VersionLoggerListener.log OS Name:               Mac OS X
20-Sep-2018 13:16:12.467 信息 [main] org.apache.catalina.startup.VersionLoggerListener.log OS Version:            10.13.5
20-Sep-2018 13:16:12.467 信息 [main] org.apache.catalina.startup.VersionLoggerListener.log Architecture:          x86_64
20-Sep-2018 13:16:12.467 信息 [main] org.apache.catalina.startup.VersionLoggerListener.log Java Home:             /Library/Java/JavaVirtualMachines/jdk1.8.0_171.jdk/Contents/Home/jre
20-Sep-2018 13:16:12.467 信息 [main] org.apache.catalina.startup.VersionLoggerListener.log JVM Version:           1.8.0_171-b11
20-Sep-2018 13:16:12.467 信息 [main] org.apache.catalina.startup.VersionLoggerListener.log JVM Vendor:            Oracle Corporation
20-Sep-2018 13:16:12.468 信息 [main] org.apache.catalina.startup.VersionLoggerListener.log CATALINA_BASE:         /Users/ty/Documents/solr/tomcat-solr-2
20-Sep-2018 13:16:12.468 信息 [main] org.apache.catalina.startup.VersionLoggerListener.log CATALINA_HOME:         /Users/ty/Documents/solr/tomcat-solr-2
20-Sep-2018 13:16:12.468 信息 [main] org.apache.catalina.startup.VersionLoggerListener.log Command line argument: -Djava.util.logging.config.file=/Users/ty/Documents/solr/tomcat-solr-2/conf/logging.properties
20-Sep-2018 13:16:12.469 信息 [main] org.apache.catalina.startup.VersionLoggerListener.log Command line argument: -Djava.util.logging.manager=org.apache.juli.ClassLoaderLogManager
20-Sep-2018 13:16:12.469 信息 [main] org.apache.catalina.startup.VersionLoggerListener.log Command line argument: -Djdk.tls.ephemeralDHKeySize=2048
20-Sep-2018 13:16:12.469 信息 [main] org.apache.catalina.startup.VersionLoggerListener.log Command line argument: -Djava.protocol.handler.pkgs=org.apache.catalina.webresources
20-Sep-2018 13:16:12.469 信息 [main] org.apache.catalina.startup.VersionLoggerListener.log Command line argument: -Dorg.apache.catalina.security.SecurityListener.UMASK=0027
20-Sep-2018 13:16:12.469 信息 [main] org.apache.catalina.startup.VersionLoggerListener.log Command line argument: -Dignore.endorsed.dirs=
20-Sep-2018 13:16:12.469 信息 [main] org.apache.catalina.startup.VersionLoggerListener.log Command line argument: -Dcatalina.base=/Users/ty/Documents/solr/tomcat-solr-2
20-Sep-2018 13:16:12.469 信息 [main] org.apache.catalina.startup.VersionLoggerListener.log Command line argument: -Dcatalina.home=/Users/ty/Documents/solr/tomcat-solr-2
20-Sep-2018 13:16:12.470 信息 [main] org.apache.catalina.startup.VersionLoggerListener.log Command line argument: -Djava.io.tmpdir=/Users/ty/Documents/solr/tomcat-solr-2/temp
20-Sep-2018 13:16:12.470 信息 [main] org.apache.catalina.core.AprLifecycleListener.lifecycleEvent The APR based Apache Tomcat Native library which allows optimal performance in production environments was not found on the java.library.path: [/Users/ty/Library/Java/Extensions:/Library/Java/Extensions:/Network/Library/Java/Extensions:/System/Library/Java/Extensions:/usr/lib/java:.]
20-Sep-2018 13:16:12.610 信息 [main] org.apache.coyote.AbstractProtocol.init Initializing ProtocolHandler ["http-nio-8080"]
20-Sep-2018 13:16:12.636 信息 [main] org.apache.tomcat.util.net.NioSelectorPool.getSharedSelector Using a shared selector for servlet write/read
20-Sep-2018 13:16:12.647 信息 [main] org.apache.coyote.AbstractProtocol.init Initializing ProtocolHandler ["ajp-nio-8009"]
20-Sep-2018 13:16:12.648 信息 [main] org.apache.tomcat.util.net.NioSelectorPool.getSharedSelector Using a shared selector for servlet write/read
20-Sep-2018 13:16:12.649 信息 [main] org.apache.catalina.startup.Catalina.load Initialization processed in 597 ms
20-Sep-2018 13:16:12.686 信息 [main] org.apache.catalina.core.StandardService.startInternal Starting service [Catalina]
20-Sep-2018 13:16:12.686 信息 [main] org.apache.catalina.core.StandardEngine.startInternal Starting Servlet Engine: Apache Tomcat/8.5.33
20-Sep-2018 13:16:12.694 信息 [localhost-startStop-1] org.apache.catalina.startup.HostConfig.deployDirectory Deploying web application directory [/Users/ty/Documents/solr/tomcat-solr-2/webapps/docs]
20-Sep-2018 13:16:13.088 信息 [localhost-startStop-1] org.apache.catalina.startup.HostConfig.deployDirectory Deployment of web application directory [/Users/ty/Documents/solr/tomcat-solr-2/webapps/docs] has finished in [393] ms
20-Sep-2018 13:16:13.090 信息 [localhost-startStop-1] org.apache.catalina.startup.HostConfig.deployDirectory Deploying web application directory [/Users/ty/Documents/solr/tomcat-solr-2/webapps/solr]
20-Sep-2018 13:16:19.331 信息 [localhost-startStop-1] org.apache.jasper.servlet.TldScanner.scanJars At least one JAR was scanned for TLDs yet contained no TLDs. Enable debug logging for this logger for a complete list of JARs that were scanned but no TLDs were found in them. Skipping unneeded JARs during scanning can improve startup time and JSP compilation time.
20-Sep-2018 13:16:22.596 信息 [localhost-startStop-1] org.apache.catalina.startup.HostConfig.deployDirectory Deployment of web application directory [/Users/ty/Documents/solr/tomcat-solr-2/webapps/solr] has finished in [9,506] ms
20-Sep-2018 13:16:22.597 信息 [localhost-startStop-1] org.apache.catalina.startup.HostConfig.deployDirectory Deploying web application directory [/Users/ty/Documents/solr/tomcat-solr-2/webapps/manager]
20-Sep-2018 13:16:22.662 信息 [localhost-startStop-1] org.apache.catalina.startup.HostConfig.deployDirectory Deployment of web application directory [/Users/ty/Documents/solr/tomcat-solr-2/webapps/manager] has finished in [65] ms
20-Sep-2018 13:16:22.663 信息 [localhost-startStop-1] org.apache.catalina.startup.HostConfig.deployDirectory Deploying web application directory [/Users/ty/Documents/solr/tomcat-solr-2/webapps/examples]
20-Sep-2018 13:16:23.051 信息 [localhost-startStop-1] org.apache.catalina.startup.HostConfig.deployDirectory Deployment of web application directory [/Users/ty/Documents/solr/tomcat-solr-2/webapps/examples] has finished in [389] ms
20-Sep-2018 13:16:23.052 信息 [localhost-startStop-1] org.apache.catalina.startup.HostConfig.deployDirectory Deploying web application directory [/Users/ty/Documents/solr/tomcat-solr-2/webapps/ROOT]
20-Sep-2018 13:16:23.069 信息 [localhost-startStop-1] org.apache.catalina.startup.HostConfig.deployDirectory Deployment of web application directory [/Users/ty/Documents/solr/tomcat-solr-2/webapps/ROOT] has finished in [17] ms
20-Sep-2018 13:16:23.069 信息 [localhost-startStop-1] org.apache.catalina.startup.HostConfig.deployDirectory Deploying web application directory [/Users/ty/Documents/solr/tomcat-solr-2/webapps/host-manager]
20-Sep-2018 13:16:23.101 信息 [localhost-startStop-1] org.apache.catalina.startup.HostConfig.deployDirectory Deployment of web application directory [/Users/ty/Documents/solr/tomcat-solr-2/webapps/host-manager] has finished in [32] ms
20-Sep-2018 13:16:23.107 信息 [main] org.apache.coyote.AbstractProtocol.start Starting ProtocolHandler ["http-nio-8080"]
20-Sep-2018 13:16:23.120 信息 [main] org.apache.coyote.AbstractProtocol.start Starting ProtocolHandler ["ajp-nio-8009"]
20-Sep-2018 13:16:23.122 信息 [main] org.apache.catalina.startup.Catalina.start Server startup in 10472 ms
20-Sep-2018 13:16:44.114 警告 [main] org.apache.catalina.core.StandardServer.await StandardServer.await: Invalid command '' received
20-Sep-2018 13:33:37.733 警告 [main] org.apache.catalina.core.StandardServer.await StandardServer.await: Invalid command '' received
20-Sep-2018 13:53:32.669 警告 [main] org.apache.catalina.core.StandardServer.await StandardServer.await: Invalid command '' received
20-Sep-2018 20:20:22.337 警告 [main] org.apache.catalina.core.StandardServer.await StandardServer.await: Invalid command '' received
20-Sep-2018 21:33:23.039 信息 [Thread-6] org.apache.coyote.AbstractProtocol.pause Pausing ProtocolHandler ["http-nio-8080"]
20-Sep-2018 21:33:23.144 信息 [Thread-6] org.apache.coyote.AbstractProtocol.pause Pausing ProtocolHandler ["ajp-nio-8009"]
20-Sep-2018 21:33:23.206 信息 [Thread-6] org.apache.catalina.core.StandardService.stopInternal Stopping service [Catalina]
20-Sep-2018 21:33:24.027 信息 [Thread-6] org.apache.coyote.AbstractProtocol.stop Stopping ProtocolHandler ["http-nio-8080"]
20-Sep-2018 21:33:24.034 信息 [Thread-6] org.apache.coyote.AbstractProtocol.stop Stopping ProtocolHandler ["ajp-nio-8009"]
20-Sep-2018 21:33:24.037 信息 [Thread-6] org.apache.coyote.AbstractProtocol.destroy Destroying ProtocolHandler ["http-nio-8080"]
20-Sep-2018 21:33:24.038 信息 [Thread-6] org.apache.coyote.AbstractProtocol.destroy Destroying ProtocolHandler ["ajp-nio-8009"]
